Using pre-set license
Built from '6000.0/staging' branch; Version is '6000.0.47f1 (2ad1ed33fd3b) revision 2806253'; Using compiler version '193933523'; Build Type 'Release'
OS: 'Windows 10  (10.0.19045) 64bit Professional' Language: 'pt' Physical Memory: 7876 MB
BatchMode: 1, IsHumanControllingUs: 0, StartBugReporterOnCrash: 0, Is64bit: 1, IsPro: 1

COMMAND LINE ARGUMENTS:
C:\Program Files\Unity\Hub\Editor\6000.0.47f1\Editor\Unity.exe
-adb2
-batchMode
-noUpm
-name
AssetImportWorker0
-projectPath
C:/Users/Gustavo/Project Lung
-logFile
Logs/AssetImportWorker0.log
-srvPort
65142
-job-worker-count
7
-background-job-worker-count
8
-gc-helper-count
1
Successfully changed project path to: C:/Users/Gustavo/Project Lung
C:/Users/Gustavo/Project Lung
[UnityMemory] Configuration Parameters - Can be set up in boot.config
    "memorysetup-bucket-allocator-granularity=16"
    "memorysetup-bucket-allocator-bucket-count=8"
    "memorysetup-bucket-allocator-block-size=33554432"
    "memorysetup-bucket-allocator-block-count=8"
    "memorysetup-main-allocator-block-size=16777216"
    "memorysetup-thread-allocator-block-size=16777216"
    "memorysetup-gfx-main-allocator-block-size=16777216"
    "memorysetup-gfx-thread-allocator-block-size=16777216"
    "memorysetup-cache-allocator-block-size=4194304"
    "memorysetup-typetree-allocator-block-size=2097152"
    "memorysetup-profiler-bucket-allocator-granularity=16"
    "memorysetup-profiler-bucket-allocator-bucket-count=8"
    "memorysetup-profiler-bucket-allocator-block-size=33554432"
    "memorysetup-profiler-bucket-allocator-block-count=8"
    "memorysetup-profiler-allocator-block-size=16777216"
    "memorysetup-profiler-editor-allocator-block-size=1048576"
    "memorysetup-temp-allocator-size-main=16777216"
    "memorysetup-job-temp-allocator-block-size=2097152"
    "memorysetup-job-temp-allocator-block-size-background=1048576"
    "memorysetup-job-temp-allocator-reduction-small-platforms=262144"
    "memorysetup-allocator-temp-initial-block-size-main=262144"
    "memorysetup-allocator-temp-initial-block-size-worker=262144"
    "memorysetup-temp-allocator-size-background-worker=32768"
    "memorysetup-temp-allocator-size-job-worker=262144"
    "memorysetup-temp-allocator-size-preload-manager=33554432"
    "memorysetup-temp-allocator-size-nav-mesh-worker=65536"
    "memorysetup-temp-allocator-size-audio-worker=65536"
    "memorysetup-temp-allocator-size-cloud-worker=32768"
    "memorysetup-temp-allocator-size-gi-baking-worker=262144"
    "memorysetup-temp-allocator-size-gi-baking-worker=262144"
    "memorysetup-temp-allocator-size-gi-baking-worker=262144"
    "memorysetup-temp-allocator-size-gi-baking-worker=262144"
    "memorysetup-temp-allocator-size-gi-baking-worker=262144"
    "memorysetup-temp-allocator-size-gfx=262144"
Player connection [10600]  Target information:

Player connection [10600]  * "[IP] 26.15.184.239 [Port] 0 [Flags] 2 [Guid] 2853272600 [EditorId] 2853272600 [Version] 1048832 [Id] WindowsEditor(7,DESKTOP-JRFT3TM) [Debug] 1 [PackageName] WindowsEditor [ProjectName] Editor" 

Player connection [10600]  * "[IP] 192.168.1.12 [Port] 0 [Flags] 2 [Guid] 2853272600 [EditorId] 2853272600 [Version] 1048832 [Id] WindowsEditor(7,DESKTOP-JRFT3TM) [Debug] 1 [PackageName] WindowsEditor [ProjectName] Editor" 

Player connection [10600] Host joined multi-casting on [225.0.0.222:54997]...
Player connection [10600] Host joined alternative multi-casting on [225.0.0.222:34997]...
JobSystem: Creating JobQueue using job-worker-count value 7
Input System module state changed to: Initialized.
[Physics::Module] Initialized fallback backend.
[Physics::Module] Id: 0xdecafbad
Library Redirect Path: Library/
[Physics::Module] Selected backend.
[Physics::Module] Name: PhysX
[Physics::Module] Id: 0xf2b8ea05
[Physics::Module] SDK Version: 4.1.2
[Physics::Module] Integration Version: 1.0.0
[Physics::Module] Threading Mode: Multi-Threaded
Refreshing native plugins compatible for Editor in 35.65 ms, found 4 plugins.
Preloading 0 native plugins for Editor in 0.00 ms.
Initialize engine version: 6000.0.47f1 (2ad1ed33fd3b)
[Subsystems] Discovering subsystems at path C:/Program Files/Unity/Hub/Editor/6000.0.47f1/Editor/Data/Resources/UnitySubsystems
[Subsystems] Discovering subsystems at path C:/Users/Gustavo/Project Lung/Assets
GfxDevice: creating device client; kGfxThreadingModeNonThreaded
Direct3D:
    Version:  Direct3D 11.0 [level 11.1]
    Renderer: NVIDIA GeForce RTX 3050 Laptop GPU (ID=0x25e2)
    Vendor:   NVIDIA
    VRAM:     3964 MB
    Driver:   32.0.15.7652
Initialize mono
Mono path[0] = 'C:/Program Files/Unity/Hub/Editor/6000.0.47f1/Editor/Data/Managed'
Mono path[1] = 'C:/Program Files/Unity/Hub/Editor/6000.0.47f1/Editor/Data/MonoBleedingEdge/lib/mono/unityjit-win32'
Mono config path = 'C:/Program Files/Unity/Hub/Editor/6000.0.47f1/Editor/Data/MonoBleedingEdge/etc'
Using monoOptions --debugger-agent=transport=dt_socket,embedding=1,server=y,suspend=n,address=127.0.0.1:56396
Begin MonoManager ReloadAssembly
Registering precompiled unity dll's ...
Register platform support module: C:/Program Files/Unity/Hub/Editor/6000.0.47f1/Editor/Data/PlaybackEngines/WebGLSupport/UnityEditor.WebGL.Extensions.dll
Register platform support module: C:/Program Files/Unity/Hub/Editor/6000.0.47f1/Editor/Data/PlaybackEngines/WindowsStandaloneSupport/UnityEditor.WindowsStandalone.Extensions.dll
Registered in 0.022032 seconds.
- Loaded All Assemblies, in  2.077 seconds
Native extension for WindowsStandalone target not found
Native extension for WebGL target not found
Mono: successfully reloaded assembly
- Finished resetting the current domain, in  1.330 seconds
Domain Reload Profiling: 3397ms
	BeginReloadAssembly (883ms)
		ExecutionOrderSort (0ms)
		DisableScriptedObjects (0ms)
		BackupInstance (0ms)
		ReleaseScriptingObjects (0ms)
		CreateAndSetChildDomain (4ms)
	RebuildCommonClasses (193ms)
	RebuildNativeTypeToScriptingClass (111ms)
	initialDomainReloadingComplete (398ms)
	LoadAllAssembliesAndSetupDomain (481ms)
		LoadAssemblies (869ms)
		RebuildTransferFunctionScriptingTraits (0ms)
		AnalyzeDomain (470ms)
			TypeCache.Refresh (466ms)
				TypeCache.ScanAssembly (426ms)
			BuildScriptInfoCaches (1ms)
			ResolveRequiredComponents (2ms)
	FinalizeReload (1332ms)
		ReleaseScriptCaches (0ms)
		RebuildScriptCaches (0ms)
		SetupLoadedEditorAssemblies (1229ms)
			LogAssemblyErrors (0ms)
			InitializePlatformSupportModulesInManaged (77ms)
			SetLoadedEditorAssemblies (13ms)
			BeforeProcessingInitializeOnLoad (186ms)
			ProcessInitializeOnLoadAttributes (713ms)
			ProcessInitializeOnLoadMethodAttributes (239ms)
			AfterProcessingInitializeOnLoad (0ms)
			EditorAssembliesLoaded (0ms)
		ExecutionOrderSort2 (0ms)
		AwakeInstancesAfterBackupRestoration (0ms)
Assembly reference Packages/com.unity.cinemachine/Editor/Samples/ExposeHDRPInternals/HDRP-Editor-ref.asmref has no target assembly definition
========================================================================
Worker process is ready to serve import requests
Import Worker Mode flag is 0x00
Assembly reference Packages/com.unity.cinemachine/Editor/Samples/ExposeHDRPInternals/HDRP-Editor-ref.asmref has no target assembly definition
Assembly reference Packages/com.unity.cinemachine/Editor/Samples/ExposeHDRPInternals/HDRP-Editor-ref.asmref has no target assembly definition
Begin MonoManager ReloadAssembly
Symbol file LoadedFromMemory is not a mono symbol file
- Loaded All Assemblies, in  3.898 seconds
Assembly reference Packages/com.unity.cinemachine/Editor/Samples/ExposeHDRPInternals/HDRP-Editor-ref.asmref has no target assembly definition
'Packages/com.unity.cinemachine/Editor/Obsolete/CinemachineVirtualCameraBaseEditor.cs' contains partial class of Unity.Object, exactly 1 of the partial classes needs to be in a file with the same filename. This is to know the one that can be referenced from ie. GameObjects
'Packages/com.unity.cinemachine/Editor/Editors/CinemachineVirtualCameraBaseEditor.cs' contains partial class of Unity.Object, exactly 1 of the partial classes needs to be in a file with the same filename. This is to know the one that can be referenced from ie. GameObjects
Refreshing native plugins compatible for Editor in 7.75 ms, found 4 plugins.
Native extension for WindowsStandalone target not found
Native extension for WebGL target not found
Assembly reference Packages/com.unity.cinemachine/Editor/Samples/ExposeHDRPInternals/HDRP-Editor-ref.asmref has no target assembly definition
Package Manager log level set to [2]
[Package Manager] Failed to launch server process. Reason: Unity was launched with the -noUpm command-line argument
[Package Manager] Unable to send message (not connected to server process).
[Package Manager] Cannot connect to Unity Package Manager local server
Refreshing native plugins compatible for Editor in 6.18 ms, found 4 plugins.
Mono: successfully reloaded assembly
- Finished resetting the current domain, in  7.017 seconds
Domain Reload Profiling: 10888ms
	BeginReloadAssembly (561ms)
		ExecutionOrderSort (0ms)
		DisableScriptedObjects (30ms)
		BackupInstance (0ms)
		ReleaseScriptingObjects (0ms)
		CreateAndSetChildDomain (71ms)
	RebuildCommonClasses (111ms)
	RebuildNativeTypeToScriptingClass (34ms)
	initialDomainReloadingComplete (131ms)
	LoadAllAssembliesAndSetupDomain (3033ms)
		LoadAssemblies (1850ms)
		RebuildTransferFunctionScriptingTraits (0ms)
		AnalyzeDomain (1535ms)
			TypeCache.Refresh (1346ms)
				TypeCache.ScanAssembly (1264ms)
			BuildScriptInfoCaches (163ms)
			ResolveRequiredComponents (20ms)
	FinalizeReload (7018ms)
		ReleaseScriptCaches (0ms)
		RebuildScriptCaches (0ms)
		SetupLoadedEditorAssemblies (6644ms)
			LogAssemblyErrors (0ms)
			InitializePlatformSupportModulesInManaged (11ms)
			SetLoadedEditorAssemblies (14ms)
			BeforeProcessingInitializeOnLoad (566ms)
			ProcessInitializeOnLoadAttributes (5853ms)
			ProcessInitializeOnLoadMethodAttributes (157ms)
			AfterProcessingInitializeOnLoad (42ms)
			EditorAssembliesLoaded (1ms)
		ExecutionOrderSort2 (0ms)
		AwakeInstancesAfterBackupRestoration (40ms)
Launched and connected shader compiler UnityShaderCompiler.exe after 0.04 seconds
Refreshing native plugins compatible for Editor in 7.14 ms, found 4 plugins.
Preloading 0 native plugins for Editor in 0.00 ms.
Unloading 16 Unused Serialized files (Serialized files now loaded: 0)
Unloading 5521 unused Assets / (1.7 MB). Loaded Objects now: 5993.
Memory consumption went from 176.4 MB to 174.7 MB.
Total: 22.806000 ms (FindLiveObjects: 1.432700 ms CreateObjectMapping: 1.487500 ms MarkObjects: 15.028500 ms  DeleteObjects: 4.557800 ms)

========================================================================
Received Import Request.
  Time since last request: 266224.439234 seconds.
  path: Assets/RafaelMatos/ERW - The Depths V1.5.1/Characters/Enemy 1/enemy 1-atk2.png
  artifactKey: Guid(4e989fbae095a1643bf3c63d60fd7ace) Importer(815301076,1909f56bfc062723c751e8b465ee728b)
Start importing Assets/RafaelMatos/ERW - The Depths V1.5.1/Characters/Enemy 1/enemy 1-atk2.png using Guid(4e989fbae095a1643bf3c63d60fd7ace) Importer(815301076,1909f56bfc062723c751e8b465ee728b) (PreviewImporter) -> (artifact id: '2bd5b4c24676183aa50152e61a7fd32e') in 0.4918708 seconds
Number of updated asset objects reloaded before import = 0Number of asset objects unloaded after import = 13

========================================================================
Received Import Request.
  Time since last request: 0.000062 seconds.
  path: Assets/RafaelMatos/ERW - The Depths V1.5.1/Characters/Boss/boss anims-resurrect.png
  artifactKey: Guid(f311d077f6f210c4c9035c2c569b32dc) Importer(815301076,1909f56bfc062723c751e8b465ee728b)
Start importing Assets/RafaelMatos/ERW - The Depths V1.5.1/Characters/Boss/boss anims-resurrect.png using Guid(f311d077f6f210c4c9035c2c569b32dc) Importer(815301076,1909f56bfc062723c751e8b465ee728b) (PreviewImporter) -> (artifact id: 'c789b9e279ec110abfbe08bfcb6fe278') in 0.046968 seconds
Number of updated asset objects reloaded before import = 0Number of asset objects unloaded after import = 2

========================================================================
Received Import Request.
  Time since last request: 0.000294 seconds.
  path: Assets/RafaelMatos/ERW - The Depths V1.5.1/Characters/Boss/boss anims-atk3-loop.png
  artifactKey: Guid(0976ed3c4bb743649ba698b232ccd860) Importer(815301076,1909f56bfc062723c751e8b465ee728b)
Start importing Assets/RafaelMatos/ERW - The Depths V1.5.1/Characters/Boss/boss anims-atk3-loop.png using Guid(0976ed3c4bb743649ba698b232ccd860) Importer(815301076,1909f56bfc062723c751e8b465ee728b) (PreviewImporter) -> (artifact id: '38647858fe99b285043a2a44e27383b2') in 0.0796938 seconds
Number of updated asset objects reloaded before import = 0Number of asset objects unloaded after import = 6

========================================================================
Received Import Request.
  Time since last request: 0.000047 seconds.
  path: Assets/RafaelMatos/ERW - The Depths V1.5.1/Characters/Boss/boss atk 3 projectile-2.png
  artifactKey: Guid(49b8ffec0b070464c83d1f5fc76ff717) Importer(815301076,1909f56bfc062723c751e8b465ee728b)
Start importing Assets/RafaelMatos/ERW - The Depths V1.5.1/Characters/Boss/boss atk 3 projectile-2.png using Guid(49b8ffec0b070464c83d1f5fc76ff717) Importer(815301076,1909f56bfc062723c751e8b465ee728b) (PreviewImporter) -> (artifact id: '163e6252482656aeb63e033db510de95') in 0.0577545 seconds
Number of updated asset objects reloaded before import = 0Number of asset objects unloaded after import = 3

========================================================================
Received Import Request.
  Time since last request: 0.001361 seconds.
  path: Assets/RafaelMatos/ERW - The Depths V1.5.1/Characters/Boss/boss anims-death.png
  artifactKey: Guid(34559c058dfe5fb4ea51e4887197da55) Importer(815301076,1909f56bfc062723c751e8b465ee728b)
Start importing Assets/RafaelMatos/ERW - The Depths V1.5.1/Characters/Boss/boss anims-death.png using Guid(34559c058dfe5fb4ea51e4887197da55) Importer(815301076,1909f56bfc062723c751e8b465ee728b) (PreviewImporter) -> (artifact id: 'b5a288acf6e2bf1d8d686fe3596fcb8a') in 0.1441758 seconds
Number of updated asset objects reloaded before import = 0Number of asset objects unloaded after import = 12

========================================================================
Received Import Request.
  Time since last request: 0.000048 seconds.
  path: Assets/RafaelMatos/ERW - The Depths V1.5.1/Characters/Enemy 2/enemy 2-atk2.png
  artifactKey: Guid(730b958810c1dd049acb7e00133cece6) Importer(815301076,1909f56bfc062723c751e8b465ee728b)
Start importing Assets/RafaelMatos/ERW - The Depths V1.5.1/Characters/Enemy 2/enemy 2-atk2.png using Guid(730b958810c1dd049acb7e00133cece6) Importer(815301076,1909f56bfc062723c751e8b465ee728b) (PreviewImporter) -> (artifact id: '7a42b9cd3cc72954dd65bdc83be6dc27') in 0.1149948 seconds
Number of updated asset objects reloaded before import = 0Number of asset objects unloaded after import = 11

========================================================================
Received Import Request.
  Time since last request: 0.000108 seconds.
  path: Assets/RafaelMatos/ERW - The Depths V1.5.1/Characters/Boss/boss anims-atk3-fx-loop.png
  artifactKey: Guid(e69771fee5a0be94d8cc125eefed3677) Importer(815301076,1909f56bfc062723c751e8b465ee728b)
Start importing Assets/RafaelMatos/ERW - The Depths V1.5.1/Characters/Boss/boss anims-atk3-fx-loop.png using Guid(e69771fee5a0be94d8cc125eefed3677) Importer(815301076,1909f56bfc062723c751e8b465ee728b) (PreviewImporter) -> (artifact id: '225e82b00ccdc853255490e25ae2f005') in 0.0618564 seconds
Number of updated asset objects reloaded before import = 0Number of asset objects unloaded after import = 6

========================================================================
Received Import Request.
  Time since last request: 0.000045 seconds.
  path: Assets/RafaelMatos/ERW - The Depths V1.5.1/Characters/Enemy 1/enemy 1-atk2 with crystals.png
  artifactKey: Guid(7ae8a29778aaa5646817ed0da34b5019) Importer(815301076,1909f56bfc062723c751e8b465ee728b)
Start importing Assets/RafaelMatos/ERW - The Depths V1.5.1/Characters/Enemy 1/enemy 1-atk2 with crystals.png using Guid(7ae8a29778aaa5646817ed0da34b5019) Importer(815301076,1909f56bfc062723c751e8b465ee728b) (PreviewImporter) -> (artifact id: 'a7b37a75d2cc373deaab8f553977ed3a') in 0.1230251 seconds
Number of updated asset objects reloaded before import = 0Number of asset objects unloaded after import = 13

========================================================================
Received Import Request.
  Time since last request: 0.000040 seconds.
  path: Assets/RafaelMatos/ERW - The Depths V1.5.1/Characters/Boss/boss anims-resurrect-packed sheet.png
  artifactKey: Guid(b99f5be0da42cc941bc4e1bd79ebf7c0) Importer(815301076,1909f56bfc062723c751e8b465ee728b)
Start importing Assets/RafaelMatos/ERW - The Depths V1.5.1/Characters/Boss/boss anims-resurrect-packed sheet.png using Guid(b99f5be0da42cc941bc4e1bd79ebf7c0) Importer(815301076,1909f56bfc062723c751e8b465ee728b) (PreviewImporter) -> (artifact id: 'a236f79b73551df0f78ea8c1bdad41e5') in 0.3966707 seconds
Number of updated asset objects reloaded before import = 0Number of asset objects unloaded after import = 62

========================================================================
Received Import Request.
  Time since last request: 0.000048 seconds.
  path: Assets/RafaelMatos/ERW - The Depths V1.5.1/Characters/Enemy 2/enemy 2-death.png
  artifactKey: Guid(e48317674da05b44791cb6b538a3c1c4) Importer(815301076,1909f56bfc062723c751e8b465ee728b)
Start importing Assets/RafaelMatos/ERW - The Depths V1.5.1/Characters/Enemy 2/enemy 2-death.png using Guid(e48317674da05b44791cb6b538a3c1c4) Importer(815301076,1909f56bfc062723c751e8b465ee728b) (PreviewImporter) -> (artifact id: '6ddae39d8170a0a8d24857fcb2f63d10') in 0.104697 seconds
Number of updated asset objects reloaded before import = 0Number of asset objects unloaded after import = 12

========================================================================
Received Import Request.
  Time since last request: 0.000242 seconds.
  path: Assets/RafaelMatos/ERW - The Depths V1.5.1/Characters/Boss/boss anims-hurt.png
  artifactKey: Guid(f38ac6abb0e19ee4bb00dec30df45690) Importer(815301076,1909f56bfc062723c751e8b465ee728b)
Start importing Assets/RafaelMatos/ERW - The Depths V1.5.1/Characters/Boss/boss anims-hurt.png using Guid(f38ac6abb0e19ee4bb00dec30df45690) Importer(815301076,1909f56bfc062723c751e8b465ee728b) (PreviewImporter) -> (artifact id: 'c4a2926f2b68de172a5823fca51fbe04') in 0.0917586 seconds
Number of updated asset objects reloaded before import = 0Number of asset objects unloaded after import = 10

Editor requested this worker to shutdown with reason: Scaling down because of idle timeout
AssetImportWorkerClient::OnTransportError - code=2 error=End of file
AssetImportWorker is now disconnected from the server
Process exiting
Exiting without the bug reporter. Application will terminate with return code 0