Using pre-set license
Built from '6000.0/staging' branch; Version is '6000.0.47f1 (2ad1ed33fd3b) revision 2806253'; Using compiler version '193933523'; Build Type 'Release'
OS: 'Windows 10  (10.0.19045) 64bit Professional' Language: 'pt' Physical Memory: 7876 MB
BatchMode: 1, IsHumanControllingUs: 0, StartBugReporterOnCrash: 0, Is64bit: 1, IsPro: 1

COMMAND LINE ARGUMENTS:
C:\Program Files\Unity\Hub\Editor\6000.0.47f1\Editor\Unity.exe
-adb2
-batchMode
-noUpm
-name
AssetImportWorker1
-projectPath
C:/Users/Gustavo/Project Lung
-logFile
Logs/AssetImportWorker1.log
-srvPort
65142
-job-worker-count
7
-background-job-worker-count
8
-gc-helper-count
1
Successfully changed project path to: C:/Users/Gustavo/Project Lung
C:/Users/Gustavo/Project Lung
[UnityMemory] Configuration Parameters - Can be set up in boot.config
    "memorysetup-bucket-allocator-granularity=16"
    "memorysetup-bucket-allocator-bucket-count=8"
    "memorysetup-bucket-allocator-block-size=33554432"
    "memorysetup-bucket-allocator-block-count=8"
    "memorysetup-main-allocator-block-size=16777216"
    "memorysetup-thread-allocator-block-size=16777216"
    "memorysetup-gfx-main-allocator-block-size=16777216"
    "memorysetup-gfx-thread-allocator-block-size=16777216"
    "memorysetup-cache-allocator-block-size=4194304"
    "memorysetup-typetree-allocator-block-size=2097152"
    "memorysetup-profiler-bucket-allocator-granularity=16"
    "memorysetup-profiler-bucket-allocator-bucket-count=8"
    "memorysetup-profiler-bucket-allocator-block-size=33554432"
    "memorysetup-profiler-bucket-allocator-block-count=8"
    "memorysetup-profiler-allocator-block-size=16777216"
    "memorysetup-profiler-editor-allocator-block-size=1048576"
    "memorysetup-temp-allocator-size-main=16777216"
    "memorysetup-job-temp-allocator-block-size=2097152"
    "memorysetup-job-temp-allocator-block-size-background=1048576"
    "memorysetup-job-temp-allocator-reduction-small-platforms=262144"
    "memorysetup-allocator-temp-initial-block-size-main=262144"
    "memorysetup-allocator-temp-initial-block-size-worker=262144"
    "memorysetup-temp-allocator-size-background-worker=32768"
    "memorysetup-temp-allocator-size-job-worker=262144"
    "memorysetup-temp-allocator-size-preload-manager=33554432"
    "memorysetup-temp-allocator-size-nav-mesh-worker=65536"
    "memorysetup-temp-allocator-size-audio-worker=65536"
    "memorysetup-temp-allocator-size-cloud-worker=32768"
    "memorysetup-temp-allocator-size-gi-baking-worker=262144"
    "memorysetup-temp-allocator-size-gi-baking-worker=262144"
    "memorysetup-temp-allocator-size-gi-baking-worker=262144"
    "memorysetup-temp-allocator-size-gi-baking-worker=262144"
    "memorysetup-temp-allocator-size-gi-baking-worker=262144"
    "memorysetup-temp-allocator-size-gfx=262144"
Player connection [19216]  Target information:

Player connection [19216]  * "[IP] 26.15.184.239 [Port] 0 [Flags] 2 [Guid] 2699406981 [EditorId] 2699406981 [Version] 1048832 [Id] WindowsEditor(7,DESKTOP-JRFT3TM) [Debug] 1 [PackageName] WindowsEditor [ProjectName] Editor" 

Player connection [19216]  * "[IP] 192.168.1.12 [Port] 0 [Flags] 2 [Guid] 2699406981 [EditorId] 2699406981 [Version] 1048832 [Id] WindowsEditor(7,DESKTOP-JRFT3TM) [Debug] 1 [PackageName] WindowsEditor [ProjectName] Editor" 

Player connection [19216] Host joined multi-casting on [225.0.0.222:54997]...
Player connection [19216] Host joined alternative multi-casting on [225.0.0.222:34997]...
JobSystem: Creating JobQueue using job-worker-count value 7
Input System module state changed to: Initialized.
[Physics::Module] Initialized fallback backend.
[Physics::Module] Id: 0xdecafbad
Library Redirect Path: Library/
[Physics::Module] Selected backend.
[Physics::Module] Name: PhysX
[Physics::Module] Id: 0xf2b8ea05
[Physics::Module] SDK Version: 4.1.2
[Physics::Module] Integration Version: 1.0.0
[Physics::Module] Threading Mode: Multi-Threaded
Refreshing native plugins compatible for Editor in 34.98 ms, found 4 plugins.
Preloading 0 native plugins for Editor in 0.00 ms.
Initialize engine version: 6000.0.47f1 (2ad1ed33fd3b)
[Subsystems] Discovering subsystems at path C:/Program Files/Unity/Hub/Editor/6000.0.47f1/Editor/Data/Resources/UnitySubsystems
[Subsystems] Discovering subsystems at path C:/Users/Gustavo/Project Lung/Assets
GfxDevice: creating device client; kGfxThreadingModeNonThreaded
Direct3D:
    Version:  Direct3D 11.0 [level 11.1]
    Renderer: NVIDIA GeForce RTX 3050 Laptop GPU (ID=0x25e2)
    Vendor:   NVIDIA
    VRAM:     3964 MB
    Driver:   32.0.15.7652
Initialize mono
Mono path[0] = 'C:/Program Files/Unity/Hub/Editor/6000.0.47f1/Editor/Data/Managed'
Mono path[1] = 'C:/Program Files/Unity/Hub/Editor/6000.0.47f1/Editor/Data/MonoBleedingEdge/lib/mono/unityjit-win32'
Mono config path = 'C:/Program Files/Unity/Hub/Editor/6000.0.47f1/Editor/Data/MonoBleedingEdge/etc'
Using monoOptions --debugger-agent=transport=dt_socket,embedding=1,server=y,suspend=n,address=127.0.0.1:56188
Begin MonoManager ReloadAssembly
Registering precompiled unity dll's ...
Register platform support module: C:/Program Files/Unity/Hub/Editor/6000.0.47f1/Editor/Data/PlaybackEngines/WebGLSupport/UnityEditor.WebGL.Extensions.dll
Register platform support module: C:/Program Files/Unity/Hub/Editor/6000.0.47f1/Editor/Data/PlaybackEngines/WindowsStandaloneSupport/UnityEditor.WindowsStandalone.Extensions.dll
Registered in 0.043047 seconds.
- Loaded All Assemblies, in  2.135 seconds
Native extension for WindowsStandalone target not found
Native extension for WebGL target not found
Mono: successfully reloaded assembly
- Finished resetting the current domain, in  1.292 seconds
Domain Reload Profiling: 3419ms
	BeginReloadAssembly (997ms)
		ExecutionOrderSort (0ms)
		DisableScriptedObjects (0ms)
		BackupInstance (0ms)
		ReleaseScriptingObjects (0ms)
		CreateAndSetChildDomain (4ms)
	RebuildCommonClasses (222ms)
	RebuildNativeTypeToScriptingClass (76ms)
	initialDomainReloadingComplete (348ms)
	LoadAllAssembliesAndSetupDomain (482ms)
		LoadAssemblies (985ms)
		RebuildTransferFunctionScriptingTraits (0ms)
		AnalyzeDomain (472ms)
			TypeCache.Refresh (469ms)
				TypeCache.ScanAssembly (428ms)
			BuildScriptInfoCaches (0ms)
			ResolveRequiredComponents (1ms)
	FinalizeReload (1293ms)
		ReleaseScriptCaches (0ms)
		RebuildScriptCaches (0ms)
		SetupLoadedEditorAssemblies (1175ms)
			LogAssemblyErrors (0ms)
			InitializePlatformSupportModulesInManaged (90ms)
			SetLoadedEditorAssemblies (21ms)
			BeforeProcessingInitializeOnLoad (205ms)
			ProcessInitializeOnLoadAttributes (659ms)
			ProcessInitializeOnLoadMethodAttributes (198ms)
			AfterProcessingInitializeOnLoad (0ms)
			EditorAssembliesLoaded (0ms)
		ExecutionOrderSort2 (0ms)
		AwakeInstancesAfterBackupRestoration (0ms)
Assembly reference Packages/com.unity.cinemachine/Editor/Samples/ExposeHDRPInternals/HDRP-Editor-ref.asmref has no target assembly definition
========================================================================
Worker process is ready to serve import requests
Import Worker Mode flag is 0x00
Assembly reference Packages/com.unity.cinemachine/Editor/Samples/ExposeHDRPInternals/HDRP-Editor-ref.asmref has no target assembly definition
Assembly reference Packages/com.unity.cinemachine/Editor/Samples/ExposeHDRPInternals/HDRP-Editor-ref.asmref has no target assembly definition
Begin MonoManager ReloadAssembly
Symbol file LoadedFromMemory is not a mono symbol file
- Loaded All Assemblies, in  3.892 seconds
Assembly reference Packages/com.unity.cinemachine/Editor/Samples/ExposeHDRPInternals/HDRP-Editor-ref.asmref has no target assembly definition
'Packages/com.unity.cinemachine/Editor/Obsolete/CinemachineVirtualCameraBaseEditor.cs' contains partial class of Unity.Object, exactly 1 of the partial classes needs to be in a file with the same filename. This is to know the one that can be referenced from ie. GameObjects
'Packages/com.unity.cinemachine/Editor/Editors/CinemachineVirtualCameraBaseEditor.cs' contains partial class of Unity.Object, exactly 1 of the partial classes needs to be in a file with the same filename. This is to know the one that can be referenced from ie. GameObjects
Refreshing native plugins compatible for Editor in 10.56 ms, found 4 plugins.
Native extension for WindowsStandalone target not found
Native extension for WebGL target not found
Assembly reference Packages/com.unity.cinemachine/Editor/Samples/ExposeHDRPInternals/HDRP-Editor-ref.asmref has no target assembly definition
Package Manager log level set to [2]
[Package Manager] Failed to launch server process. Reason: Unity was launched with the -noUpm command-line argument
[Package Manager] Unable to send message (not connected to server process).
[Package Manager] Cannot connect to Unity Package Manager local server
Refreshing native plugins compatible for Editor in 7.27 ms, found 4 plugins.
Mono: successfully reloaded assembly
- Finished resetting the current domain, in  7.028 seconds
Domain Reload Profiling: 10898ms
	BeginReloadAssembly (543ms)
		ExecutionOrderSort (0ms)
		DisableScriptedObjects (21ms)
		BackupInstance (0ms)
		ReleaseScriptingObjects (0ms)
		CreateAndSetChildDomain (71ms)
	RebuildCommonClasses (111ms)
	RebuildNativeTypeToScriptingClass (35ms)
	initialDomainReloadingComplete (134ms)
	LoadAllAssembliesAndSetupDomain (3045ms)
		LoadAssemblies (1862ms)
		RebuildTransferFunctionScriptingTraits (0ms)
		AnalyzeDomain (1513ms)
			TypeCache.Refresh (1321ms)
				TypeCache.ScanAssembly (1233ms)
			BuildScriptInfoCaches (166ms)
			ResolveRequiredComponents (20ms)
	FinalizeReload (7030ms)
		ReleaseScriptCaches (0ms)
		RebuildScriptCaches (0ms)
		SetupLoadedEditorAssemblies (6642ms)
			LogAssemblyErrors (0ms)
			InitializePlatformSupportModulesInManaged (8ms)
			SetLoadedEditorAssemblies (12ms)
			BeforeProcessingInitializeOnLoad (525ms)
			ProcessInitializeOnLoadAttributes (5890ms)
			ProcessInitializeOnLoadMethodAttributes (163ms)
			AfterProcessingInitializeOnLoad (44ms)
			EditorAssembliesLoaded (1ms)
		ExecutionOrderSort2 (0ms)
		AwakeInstancesAfterBackupRestoration (40ms)
Launched and connected shader compiler UnityShaderCompiler.exe after 0.05 seconds
Refreshing native plugins compatible for Editor in 16.26 ms, found 4 plugins.
Preloading 0 native plugins for Editor in 0.00 ms.
Unloading 16 Unused Serialized files (Serialized files now loaded: 0)
Unloading 5521 unused Assets / (2.5 MB). Loaded Objects now: 5993.
Memory consumption went from 176.3 MB to 173.8 MB.
Total: 40.758400 ms (FindLiveObjects: 1.649700 ms CreateObjectMapping: 2.352100 ms MarkObjects: 20.470100 ms  DeleteObjects: 16.280000 ms)

========================================================================
Received Import Request.
  Time since last request: 266224.460705 seconds.
  path: Assets/RafaelMatos/ERW - The Depths V1.5.1/Characters/Enemy 2/enemy 2-atk1.png
  artifactKey: Guid(e16dc16c888b62e42ab8eb1a7f17e778) Importer(815301076,1909f56bfc062723c751e8b465ee728b)
Start importing Assets/RafaelMatos/ERW - The Depths V1.5.1/Characters/Enemy 2/enemy 2-atk1.png using Guid(e16dc16c888b62e42ab8eb1a7f17e778) Importer(815301076,1909f56bfc062723c751e8b465ee728b) (PreviewImporter) -> (artifact id: '8410207062b1d85f43c65de956f0e86f') in 0.4520077 seconds
Number of updated asset objects reloaded before import = 0Number of asset objects unloaded after import = 8

========================================================================
Received Import Request.
  Time since last request: 0.000087 seconds.
  path: Assets/RafaelMatos/ERW - The Depths V1.5.1/Characters/Boss/boss anims-atk3.png
  artifactKey: Guid(489882d1dea84bd4ea39e5978146f950) Importer(815301076,1909f56bfc062723c751e8b465ee728b)
Start importing Assets/RafaelMatos/ERW - The Depths V1.5.1/Characters/Boss/boss anims-atk3.png using Guid(489882d1dea84bd4ea39e5978146f950) Importer(815301076,1909f56bfc062723c751e8b465ee728b) (PreviewImporter) -> (artifact id: 'cd4c84075e6f5b3debfaf421bb119c1e') in 0.1929045 seconds
Number of updated asset objects reloaded before import = 0Number of asset objects unloaded after import = 26

========================================================================
Received Import Request.
  Time since last request: 0.000061 seconds.
  path: Assets/RafaelMatos/ERW - The Depths V1.5.1/Characters/Boss/boss anims-walk.png
  artifactKey: Guid(f0447f88ff2fa3843ad8c319cd8b0891) Importer(815301076,1909f56bfc062723c751e8b465ee728b)
Start importing Assets/RafaelMatos/ERW - The Depths V1.5.1/Characters/Boss/boss anims-walk.png using Guid(f0447f88ff2fa3843ad8c319cd8b0891) Importer(815301076,1909f56bfc062723c751e8b465ee728b) (PreviewImporter) -> (artifact id: '6c01c633cd871896cf15109d3edb1f3d') in 0.1793047 seconds
Number of updated asset objects reloaded before import = 0Number of asset objects unloaded after import = 12

========================================================================
Received Import Request.
  Time since last request: 0.000903 seconds.
  path: Assets/RafaelMatos/ERW - The Depths V1.5.1/Characters/Boss/boss atk 3 projectile-2-falling anim.png
  artifactKey: Guid(0066ceb69c321f545bf207e6635a0137) Importer(815301076,1909f56bfc062723c751e8b465ee728b)
Start importing Assets/RafaelMatos/ERW - The Depths V1.5.1/Characters/Boss/boss atk 3 projectile-2-falling anim.png using Guid(0066ceb69c321f545bf207e6635a0137) Importer(815301076,1909f56bfc062723c751e8b465ee728b) (PreviewImporter) -> (artifact id: 'b220713a00b59684b460d5bc76663fda') in 0.1380275 seconds
Number of updated asset objects reloaded before import = 0Number of asset objects unloaded after import = 18

========================================================================
Received Import Request.
  Time since last request: 0.000298 seconds.
  path: Assets/RafaelMatos/ERW - The Depths V1.5.1/Characters/Enemy 1/enemy 1-death.png
  artifactKey: Guid(e6a86154c81f4c344be996e05ec85d8f) Importer(815301076,1909f56bfc062723c751e8b465ee728b)
Start importing Assets/RafaelMatos/ERW - The Depths V1.5.1/Characters/Enemy 1/enemy 1-death.png using Guid(e6a86154c81f4c344be996e05ec85d8f) Importer(815301076,1909f56bfc062723c751e8b465ee728b) (PreviewImporter) -> (artifact id: '13870709153e59c8d60239a5b5433b6e') in 0.114832 seconds
Number of updated asset objects reloaded before import = 0Number of asset objects unloaded after import = 13

========================================================================
Received Import Request.
  Time since last request: 0.000040 seconds.
  path: Assets/RafaelMatos/ERW - The Depths V1.5.1/Characters/Boss/boss anims-atk3-packet sheet.png
  artifactKey: Guid(0c0701b14ab940244ad0693c2ed0466c) Importer(815301076,1909f56bfc062723c751e8b465ee728b)
Start importing Assets/RafaelMatos/ERW - The Depths V1.5.1/Characters/Boss/boss anims-atk3-packet sheet.png using Guid(0c0701b14ab940244ad0693c2ed0466c) Importer(815301076,1909f56bfc062723c751e8b465ee728b) (PreviewImporter) -> (artifact id: '3a305b322ecaa8193178880a64122c8c') in 0.2362916 seconds
Number of updated asset objects reloaded before import = 0Number of asset objects unloaded after import = 26

========================================================================
Received Import Request.
  Time since last request: 0.000294 seconds.
  path: Assets/RafaelMatos/ERW - The Depths V1.5.1/Characters/Boss/boss anims-atk1-fx1-simpler.png
  artifactKey: Guid(6ee04da819f45cc48b36cfa401fb79c7) Importer(815301076,1909f56bfc062723c751e8b465ee728b)
Start importing Assets/RafaelMatos/ERW - The Depths V1.5.1/Characters/Boss/boss anims-atk1-fx1-simpler.png using Guid(6ee04da819f45cc48b36cfa401fb79c7) Importer(815301076,1909f56bfc062723c751e8b465ee728b) (PreviewImporter) -> (artifact id: '21cb327d6226ce36a470c82132b3fa26') in 0.0749642 seconds
Number of updated asset objects reloaded before import = 0Number of asset objects unloaded after import = 6

========================================================================
Received Import Request.
  Time since last request: 0.000073 seconds.
  path: Assets/RafaelMatos/ERW - The Depths V1.5.1/Characters/Enemy 1/enemy 1-atk2-crystals.png
  artifactKey: Guid(3d0abc9c6ce2d304f92c55eec1c47c43) Importer(815301076,1909f56bfc062723c751e8b465ee728b)
Start importing Assets/RafaelMatos/ERW - The Depths V1.5.1/Characters/Enemy 1/enemy 1-atk2-crystals.png using Guid(3d0abc9c6ce2d304f92c55eec1c47c43) Importer(815301076,1909f56bfc062723c751e8b465ee728b) (PreviewImporter) -> (artifact id: 'eb37bc1b119a3874c19a8923aacfda3b') in 0.0767644 seconds
Number of updated asset objects reloaded before import = 0Number of asset objects unloaded after import = 6

========================================================================
Received Import Request.
  Time since last request: 0.000224 seconds.
  path: Assets/RafaelMatos/ERW - The Depths V1.5.1/Characters/Enemy 2/enemy 2-idle.png
  artifactKey: Guid(ad63e9270f6c9f449881835c76174655) Importer(815301076,1909f56bfc062723c751e8b465ee728b)
Start importing Assets/RafaelMatos/ERW - The Depths V1.5.1/Characters/Enemy 2/enemy 2-idle.png using Guid(ad63e9270f6c9f449881835c76174655) Importer(815301076,1909f56bfc062723c751e8b465ee728b) (PreviewImporter) -> (artifact id: '5b662872d75861ad3096a15bbf93413e') in 0.0720014 seconds
Number of updated asset objects reloaded before import = 0Number of asset objects unloaded after import = 8

========================================================================
Received Import Request.
  Time since last request: 0.000045 seconds.
  path: Assets/RafaelMatos/ERW - The Depths V1.5.1/Characters/Boss/boss anims-atk2-packed sheet.png
  artifactKey: Guid(9359fde8a92b391408c7e9f61e4dc6e6) Importer(815301076,1909f56bfc062723c751e8b465ee728b)
Start importing Assets/RafaelMatos/ERW - The Depths V1.5.1/Characters/Boss/boss anims-atk2-packed sheet.png using Guid(9359fde8a92b391408c7e9f61e4dc6e6) Importer(815301076,1909f56bfc062723c751e8b465ee728b) (PreviewImporter) -> (artifact id: 'b39de36c961fc4b8df01d599a0b54e14') in 0.1493469 seconds
Number of updated asset objects reloaded before import = 0Number of asset objects unloaded after import = 19

========================================================================
Received Import Request.
  Time since last request: 0.000057 seconds.
  path: Assets/RafaelMatos/ERW - The Depths V1.5.1/Characters/Boss/boss anims-atk1 and 2-fx2.png
  artifactKey: Guid(5f31b206d4f554746b57c0d718457929) Importer(815301076,1909f56bfc062723c751e8b465ee728b)
Start importing Assets/RafaelMatos/ERW - The Depths V1.5.1/Characters/Boss/boss anims-atk1 and 2-fx2.png using Guid(5f31b206d4f554746b57c0d718457929) Importer(815301076,1909f56bfc062723c751e8b465ee728b) (PreviewImporter) -> (artifact id: 'c6f91080614c119650bd75d534d430a5') in 0.1093583 seconds
Number of updated asset objects reloaded before import = 0Number of asset objects unloaded after import = 13

========================================================================
Received Import Request.
  Time since last request: 102.177094 seconds.
  path: Assets/RafaelMatos/ERW - The Depths V1.5.1/Characters/Pot Creature/atk2 projectile-travelling.png
  artifactKey: Guid(dcfcc2af57791cd43bae90773e70230f) Importer(815301076,1909f56bfc062723c751e8b465ee728b)
Start importing Assets/RafaelMatos/ERW - The Depths V1.5.1/Characters/Pot Creature/atk2 projectile-travelling.png using Guid(dcfcc2af57791cd43bae90773e70230f) Importer(815301076,1909f56bfc062723c751e8b465ee728b) (PreviewImporter) -> (artifact id: '5f66becf12154fc9d1430dc6ed34ea6d') in 0.0723382 seconds
Number of updated asset objects reloaded before import = 0Number of asset objects unloaded after import = 6

========================================================================
Received Import Request.
  Time since last request: 0.000042 seconds.
  path: Assets/RafaelMatos/ERW - The Depths V1.5.1/Characters/Pot Creature/Pot Creature-atk2.png
  artifactKey: Guid(4fae91a9110c77b458b079522fb95a3e) Importer(815301076,1909f56bfc062723c751e8b465ee728b)
Start importing Assets/RafaelMatos/ERW - The Depths V1.5.1/Characters/Pot Creature/Pot Creature-atk2.png using Guid(4fae91a9110c77b458b079522fb95a3e) Importer(815301076,1909f56bfc062723c751e8b465ee728b) (PreviewImporter) -> (artifact id: '375247fd57aa945e8ff49e7ea4b7e398') in 0.2435375 seconds
Number of updated asset objects reloaded before import = 0Number of asset objects unloaded after import = 26

========================================================================
Received Import Request.
  Time since last request: 0.000048 seconds.
  path: Assets/RafaelMatos/ERW - The Depths V1.5.1/Characters/Pot Creature/Pot Creature-revealing itself.png
  artifactKey: Guid(310bfa2d4deab334cb41271056ad6a7b) Importer(815301076,1909f56bfc062723c751e8b465ee728b)
Start importing Assets/RafaelMatos/ERW - The Depths V1.5.1/Characters/Pot Creature/Pot Creature-revealing itself.png using Guid(310bfa2d4deab334cb41271056ad6a7b) Importer(815301076,1909f56bfc062723c751e8b465ee728b) (PreviewImporter) -> (artifact id: '7da4c0553dab7292eeb503de43c82a2d') in 0.1414819 seconds
Number of updated asset objects reloaded before import = 0Number of asset objects unloaded after import = 15

========================================================================
Received Import Request.
  Time since last request: 0.000057 seconds.
  path: Assets/RafaelMatos/ERW - The Depths V1.5.1/Characters/Pot Creature/Pot Creature-death.png
  artifactKey: Guid(aa53c552f8d1af249bcd9eb575c503ab) Importer(815301076,1909f56bfc062723c751e8b465ee728b)
Start importing Assets/RafaelMatos/ERW - The Depths V1.5.1/Characters/Pot Creature/Pot Creature-death.png using Guid(aa53c552f8d1af249bcd9eb575c503ab) Importer(815301076,1909f56bfc062723c751e8b465ee728b) (PreviewImporter) -> (artifact id: '20dfb7c1770c750a414ffa49913b23a5') in 0.1231415 seconds
Number of updated asset objects reloaded before import = 0Number of asset objects unloaded after import = 12

Editor requested this worker to shutdown with reason: Scaling down because of idle timeout
AssetImportWorkerClient::OnTransportError - code=2 error=End of file
AssetImportWorker is now disconnected from the server
Process exiting
Exiting without the bug reporter. Application will terminate with return code 0