
=== Wed Apr 23 20:48:05 2025

Packages were changed.
Update Mode: mergeDefaultDependencies

The following packages were added:
  com.unity.modules.ai@1.0.0
  com.unity.modules.androidjni@1.0.0
  com.unity.modules.animation@1.0.0
  com.unity.modules.assetbundle@1.0.0
  com.unity.modules.audio@1.0.0
  com.unity.modules.cloth@1.0.0
  com.unity.modules.director@1.0.0
  com.unity.modules.imageconversion@1.0.0
  com.unity.modules.imgui@1.0.0
  com.unity.modules.jsonserialize@1.0.0
  com.unity.modules.particlesystem@1.0.0
  com.unity.modules.physics@1.0.0
  com.unity.modules.physics2d@1.0.0
  com.unity.modules.screencapture@1.0.0
  com.unity.modules.terrain@1.0.0
  com.unity.modules.terrainphysics@1.0.0
  com.unity.modules.tilemap@1.0.0
  com.unity.modules.ui@1.0.0
  com.unity.modules.uielements@1.0.0
  com.unity.modules.umbra@1.0.0
  com.unity.modules.unityanalytics@1.0.0
  com.unity.modules.unitywebrequest@1.0.0
  com.unity.modules.unitywebrequestassetbundle@1.0.0
  com.unity.modules.unitywebrequestaudio@1.0.0
  com.unity.modules.unitywebrequesttexture@1.0.0
  com.unity.modules.unitywebrequestwww@1.0.0
  com.unity.modules.vehicles@1.0.0
  com.unity.modules.video@1.0.0
  com.unity.modules.vr@1.0.0
  com.unity.modules.wind@1.0.0
  com.unity.modules.xr@1.0.0
  com.unity.modules.accessibility@1.0.0
  com.unity.multiplayer.center@1.0.0
The following packages were updated:
  com.unity.collab-proxy from version 2.6.0 to 2.7.1
  com.unity.ide.rider from version 3.0.31 to 3.0.35
  com.unity.ide.visualstudio from version 2.0.22 to 2.0.23
  com.unity.inputsystem from version 1.11.2 to 1.14.0
  com.unity.test-framework from version 1.4.5 to 1.5.1
  com.unity.visualscripting from version 1.9.5 to 1.9.6

=== Wed May  7 21:39:47 2025

Packages were changed.
Update Mode: updateDependencies

The following packages were updated:
  com.unity.2d.animation from version 7.0.11 to 10.1.4
  com.unity.2d.aseprite from version 1.0.1 to 1.1.9
  com.unity.2d.common from version 6.0.6 to 9.0.7
  com.unity.2d.psdimporter from version 6.0.7 to 9.0.3
  com.unity.2d.spriteshape from version 7.0.7 to 10.0.7
  com.unity.2d.tilemap.extras from version 2.2.6 to 4.1.0
  com.unity.burst from version 1.6.6 to 1.8.21
  com.unity.collab-proxy from version 2.1.0 to 2.7.1
  com.unity.ext.nunit from version 1.0.6 to 2.0.5
  com.unity.feature.2d from version 2.0.0 to 2.0.1
  com.unity.ide.rider from version 3.0.25 to 3.0.35
  com.unity.ide.visualstudio from version 2.0.21 to 2.0.23
  com.unity.mathematics from version 1.2.6 to 1.3.2
  com.unity.services.core from version 1.11.0 to 1.14.0
  com.unity.test-framework from version 1.1.33 to 1.5.1
  com.unity.timeline from version 1.6.5 to 1.8.7
  com.unity.ugui from version 1.0.0 to 2.0.0
  com.unity.visualscripting from version 1.9.1 to 1.9.6
The following packages were removed:
  com.unity.2d.path@5.0.2
  com.unity.textmeshpro@3.0.6

=== Wed May  7 21:39:47 2025

Packages were changed.
Update Mode: mergeDefaultDependencies

The following packages were added:
  com.unity.2d.animation@10.1.4
  com.unity.2d.aseprite@1.1.9
  com.unity.2d.common@9.0.7
  com.unity.2d.pixel-perfect@5.0.3
  com.unity.2d.psdimporter@9.0.3
  com.unity.2d.sprite@1.0.0
  com.unity.2d.spriteshape@10.0.7
  com.unity.2d.tilemap@1.0.0
  com.unity.2d.tilemap.extras@4.1.0
  com.unity.burst@1.8.21
  com.unity.ext.nunit@2.0.5
  com.unity.ide.vscode@1.2.5
  com.unity.mathematics@1.3.2
  com.unity.nuget.newtonsoft-json@3.2.1
  com.unity.services.core@1.14.0
  com.unity.modules.subsystems@1.0.0
  com.unity.modules.uielementsnative@1.0.0

=== Tue Sep  2 23:12:50 2025

Packages were changed.
Update Mode: updateDependencies

The following packages were updated:
  com.unity.2d.animation from version 7.0.11 to 10.1.4
  com.unity.2d.aseprite from version 1.0.1 to 1.1.9
  com.unity.2d.common from version 6.0.6 to 9.0.7
  com.unity.2d.psdimporter from version 6.0.7 to 9.0.3
  com.unity.2d.spriteshape from version 7.0.7 to 10.0.7
  com.unity.2d.tilemap.extras from version 2.2.6 to 4.1.0
  com.unity.burst from version 1.6.6 to 1.8.21
  com.unity.collab-proxy from version 2.1.0 to 2.7.1
  com.unity.ext.nunit from version 1.0.6 to 2.0.5
  com.unity.feature.2d from version 2.0.0 to 2.0.1
  com.unity.ide.rider from version 3.0.25 to 3.0.35
  com.unity.ide.visualstudio from version 2.0.21 to 2.0.23
  com.unity.mathematics from version 1.2.6 to 1.3.2
  com.unity.services.core from version 1.11.0 to 1.14.0
  com.unity.test-framework from version 1.1.33 to 1.5.1
  com.unity.timeline from version 1.6.5 to 1.8.7
  com.unity.ugui from version 1.0.0 to 2.0.0
  com.unity.visualscripting from version 1.9.1 to 1.9.6
The following packages were removed:
  com.unity.2d.path@5.0.2
  com.unity.textmeshpro@3.0.6

=== Sat Sep 13 17:16:15 2025

Packages were changed.
Update Mode: updateDependencies

The following packages were updated:
  com.unity.2d.animation from version 7.0.11 to 10.1.4
  com.unity.2d.aseprite from version 1.0.1 to 1.1.9
  com.unity.2d.common from version 6.0.6 to 9.0.7
  com.unity.2d.psdimporter from version 6.0.7 to 9.0.3
  com.unity.2d.spriteshape from version 7.0.7 to 10.0.7
  com.unity.2d.tilemap.extras from version 2.2.6 to 4.1.0
  com.unity.burst from version 1.6.6 to 1.8.21
  com.unity.collab-proxy from version 2.1.0 to 2.7.1
  com.unity.ext.nunit from version 1.0.6 to 2.0.5
  com.unity.feature.2d from version 2.0.0 to 2.0.1
  com.unity.ide.rider from version 3.0.25 to 3.0.35
  com.unity.ide.visualstudio from version 2.0.21 to 2.0.23
  com.unity.mathematics from version 1.2.6 to 1.3.2
  com.unity.services.core from version 1.11.0 to 1.14.0
  com.unity.test-framework from version 1.1.33 to 1.5.1
  com.unity.timeline from version 1.6.5 to 1.8.7
  com.unity.ugui from version 1.0.0 to 2.0.0
  com.unity.visualscripting from version 1.9.1 to 1.9.6
The following packages were removed:
  com.unity.2d.path@5.0.2
  com.unity.textmeshpro@3.0.6
